<?xml version="1.0" encoding="UTF-8"?>
<!-- Generated by org.testng.reporters.JUnitReportReporter -->
<testsuite hostname="DESKTOP-QDC0IPC" failures="0" tests="1" name="org.example.tests.AuthorPageTest" time="4.686" errors="0" timestamp="2023-11-28T11:56:09 BDT" skipped="0">
  <testcase classname="org.example.tests.AuthorPageTest" name="authorPageTest" time="4.686"/>
</testsuite> <!-- org.example.tests.AuthorPageTest -->
